<component name="libraryTable">
  <library name="junit-platform-console-standalone-1.8.21">
    <CLASSES>
      <root url="jar://$PROJECT_DIR$/src/dobokockastatisztika/junit-platform-console-standalone-1.8.2.jar!/" />
    </CLASSES>
    <JAVADOC />
    <SOURCES />
  </library>
</component>